Determining if the pthread_create exist failed with the following output:
Change Dir: /home/marcus/catkin_ws_WAM/build/CMakeFiles/CMakeTmp

Run Build Command:/usr/bin/make "cmTryCompileExec602433500/fast"
/usr/bin/make -f CMakeFiles/cmTryCompileExec602433500.dir/build.make CMakeFiles/cmTryCompileExec602433500.dir/build
make[1]: Entering directory `/home/marcus/catkin_ws_WAM/build/CMakeFiles/CMakeTmp'
/usr/bin/cmake -E cmake_progress_report /home/marcus/catkin_ws_WAM/build/CMakeFiles/CMakeTmp/CMakeFiles 1
Building C object CMakeFiles/cmTryCompileExec602433500.dir/CheckSymbolExists.c.o
/usr/bin/cc    -o CMakeFiles/cmTryCompileExec602433500.dir/CheckSymbolExists.c.o   -c /home/marcus/catkin_ws_WAM/build/CMakeFiles/CMakeTmp/CheckSymbolExists.c
Linking C executable cmTryCompileExec602433500
/usr/bin/cmake -E cmake_link_script CMakeFiles/cmTryCompileExec602433500.dir/link.txt --verbose=1
/usr/bin/cc       CMakeFiles/cmTryCompileExec602433500.dir/CheckSymbolExists.c.o  -o cmTryCompileExec602433500 -rdynamic 
CMakeFiles/cmTryCompileExec602433500.dir/CheckSymbolExists.c.o: In function `main':
CheckSymbolExists.c:(.text+0x16): undefined reference to `pthread_create'
collect2: error: ld returned 1 exit status
make[1]: *** [cmTryCompileExec602433500] Error 1
make[1]: Leaving directory `/home/marcus/catkin_ws_WAM/build/CMakeFiles/CMakeTmp'
make: *** [cmTryCompileExec602433500/fast] Error 2

File /home/marcus/catkin_ws_WAM/build/CMakeFiles/CMakeTmp/CheckSymbolExists.c:
/* */
#include <pthread.h>

int main(int argc, char** argv)
{
  (void)argv;
#ifndef pthread_create
  return ((int*)(&pthread_create))[argc];
#else
  (void)argc;
  return 0;
#endif
}

Determining if the function pthread_create exists in the pthreads failed with the following output:
Change Dir: /home/marcus/catkin_ws_WAM/build/CMakeFiles/CMakeTmp

Run Build Command:/usr/bin/make "cmTryCompileExec1142326490/fast"
/usr/bin/make -f CMakeFiles/cmTryCompileExec1142326490.dir/build.make CMakeFiles/cmTryCompileExec1142326490.dir/build
make[1]: Entering directory `/home/marcus/catkin_ws_WAM/build/CMakeFiles/CMakeTmp'
/usr/bin/cmake -E cmake_progress_report /home/marcus/catkin_ws_WAM/build/CMakeFiles/CMakeTmp/CMakeFiles 1
Building C object CMakeFiles/cmTryCompileExec1142326490.dir/CheckFunctionExists.c.o
/usr/bin/cc   -DCHECK_FUNCTION_EXISTS=pthread_create   -o CMakeFiles/cmTryCompileExec1142326490.dir/CheckFunctionExists.c.o   -c /usr/share/cmake-2.8/Modules/CheckFunctionExists.c
Linking C executable cmTryCompileExec1142326490
/usr/bin/cmake -E cmake_link_script CMakeFiles/cmTryCompileExec1142326490.dir/link.txt --verbose=1
/usr/bin/cc   -DCHECK_FUNCTION_EXISTS=pthread_create    CMakeFiles/cmTryCompileExec1142326490.dir/CheckFunctionExists.c.o  -o cmTryCompileExec1142326490 -rdynamic -lpthreads 
/usr/bin/ld: cannot find -lpthreads
collect2: error: ld returned 1 exit status
make[1]: *** [cmTryCompileExec1142326490] Error 1
make[1]: Leaving directory `/home/marcus/catkin_ws_WAM/build/CMakeFiles/CMakeTmp'
make: *** [cmTryCompileExec1142326490/fast] Error 2


